<?xml version="1.0" encoding="UTF-8"?>
<!-- Generated by org.testng.reporters.JUnitReportReporter -->
<testsuite skipped="0" hostname="DESKTOP-4JQCKJ4" name="automation.User_Checkout" tests="1" failures="0" timestamp="2020-05-15T11:49:49 NPT" time="14.180" errors="0">
  <testcase name="login" time="14.180" classname="automation.User_Checkout"/>
  <system-out/>
</testsuite> <!-- automation.User_Checkout -->
