<?xml version="1.0" encoding="UTF-8"?>
<!-- Generated by org.testng.reporters.JUnitReportReporter -->
<testsuite skipped="0" hostname="DESKTOP-4JQCKJ4" name="automation.LandingPage" tests="3" failures="0" timestamp="2020-05-14T19:43:27 NPT" time="13.965" errors="0">
  <testcase name="landingPage" time="2.468" classname="automation.LandingPage"/>
  <system-out/>
  <testcase name="account" time="3.306" classname="automation.LandingPage"/>
  <system-out/>
  <testcase name="register" time="8.191" classname="automation.LandingPage"/>
  <system-out/>
</testsuite> <!-- automation.LandingPage -->
