<?xml version="1.0" encoding="UTF-8"?>
<!-- Generated by org.testng.reporters.JUnitReportReporter -->
<testsuite skipped="0" hostname="DESKTOP-4JQCKJ4" name="automation.User_Login" tests="1" failures="0" timestamp="2020-05-15T10:15:14 NPT" time="19.817" errors="0">
  <testcase name="dress" time="19.817" classname="automation.User_Login"/>
  <system-out/>
</testsuite> <!-- automation.User_Login -->
